<?xml version="1.0" encoding="UTF-8"?>
<!-- Generated by org.testng.reporters.JUnitReportReporter -->
<testsuite hostname="SACHIN" failures="0" tests="1" name="com.cyient.test.LoginTest" time="25.361" errors="0" timestamp="2021-06-14T07:56:26 IST" skipped="0">
  <testcase classname="com.cyient.test.LoginTest" name="inValidLogin" time="25.361"/>
  <system-out/>
</testsuite> <!-- com.cyient.test.LoginTest -->
